FGM.obj : error LNK2019: unresolved external symbol glutInit referenced in function main
FGM.obj : error LNK2019: unresolved external symbol glutInitDisplayMode referenced in function main
FGM.obj : error LNK2019: unresolved external symbol glutInitWindowSize referenced in function main
FGM.obj : error LNK2019: unresolved external symbol glutMainLoop referenced in function main
FGM.obj : error LNK2019: unresolved external symbol glutCreateWindow referenced in function main
FGM.obj : error LNK2019: unresolved external symbol glutPostRedisplay referenced in function "void __cdecl keyboardRayquaza(unsigned char,int,int)" (?keyboardRayquaza@@YAXEHH@Z)
FGM.obj : error LNK2019: unresolved external symbol glutSwapBuffers referenced in function "void __cdecl display(void)" (?display@@YAXXZ)
FGM.obj : error LNK2019: unresolved external symbol glutDisplayFunc referenced in function main
FGM.obj : error LNK2019: unresolved external symbol glutReshapeFunc referenced in function main
FGM.obj : error LNK2019: unresolved external symbol glutKeyboardFunc referenced in function main
FGM.obj : error LNK2019: unresolved external symbol glutMouseFunc referenced in function main
FGM.obj : error LNK2019: unresolved external symbol glutMotionFunc referenced in function main
FGM.obj : error LNK2019: unresolved external symbol glutIdleFunc referenced in function main
FGM.obj : error LNK2019: unresolved external symbol glutTimerFunc referenced in function "void __cdecl update(int)" (?update@@YAXH@Z)
FGM.obj : error LNK2019: unresolved external symbol glutSpecialFunc referenced in function main
FGM.obj : error LNK2019: unresolved external symbol glutKeyboardUpFunc referenced in function main
FGM.obj : error LNK2019: unresolved external symbol glutSpecialUpFunc referenced in function main
FGM.obj : error LNK2019: unresolved external symbol glutSolidSphere referenced in function "void __cdecl drawArm(bool)" (?drawArm@@YAX_N@Z)
FGM.obj : error LNK2019: unresolved external symbol glutIgnoreKeyRepeat referenced in function main
C:\Program Files\Microsoft Visual Studio\2022\Community\VC\Auxiliary\VS\lib\x64\glut32.lib : warning LNK4272: library machine type 'x86' conflicts with target machine type 'x64'
C:\Users\User\source\repos\FGM\x64\Debug\FGM.exe : fatal error LNK1120: 19 unresolved externals
